-------------------------------------------------------------------------------
Test set: pl.infoshareacademy.reportService.UpdateRESTTimerThreadTest
-------------------------------------------------------------------------------
Tests run: 4, Failures: 0, Errors: 1, Skipped: 0, Time elapsed: 0.814 sec <<< FAILURE! - in pl.infoshareacademy.reportService.UpdateRESTTimerThreadTest
getActualTasksTest(pl.infoshareacademy.reportService.UpdateRESTTimerThreadTest)  Time elapsed: 0.027 sec  <<< ERROR!
javax.ws.rs.ProcessingException: RESTEASY003145: Unable to find a MessageBodyReader of content-type text/html;charset=UTF-8 and type class [Lpl.infoshareacademy.reportService.ModelsStore.RecipientModel;
	at org.jboss.resteasy.core.interception.jaxrs.ClientReaderInterceptorContext.throwReaderNotFound(ClientReaderInterceptorContext.java:42)
	at org.jboss.resteasy.core.interception.jaxrs.AbstractReaderInterceptorContext.getReader(AbstractReaderInterceptorContext.java:80)
	at org.jboss.resteasy.core.interception.jaxrs.AbstractReaderInterceptorContext.proceed(AbstractReaderInterceptorContext.java:53)
	at org.jboss.resteasy.client.jaxrs.internal.ClientResponse.readFrom(ClientResponse.java:248)
	at org.jboss.resteasy.client.jaxrs.internal.ClientResponse.readEntity(ClientResponse.java:178)
	at org.jboss.resteasy.specimpl.BuiltResponse.readEntity(BuiltResponse.java:218)
	at pl.infoshareacademy.reportService.UpdateRESTTimerThread.getActualTasks(UpdateRESTTimerThread.java:44)
	at pl.infoshareacademy.reportService.UpdateRESTTimerThreadTest.getActualTasksTest(UpdateRESTTimerThreadTest.java:74)

