<?xml version="1.0" encoding="UTF-8"?>
<testsuite name="pl.infoshareacademy.reportService.UpdateRESTTimerThreadTest" time="0.812" tests="4" errors="1" skipped="0" failures="0">
  <properties>
[...]
</properties>
  <testcase name="updateDataInReportModuleTest" classname="pl.infoshareacademy.reportService.UpdateRESTTimerThreadTest" time="0.601"/>
  <testcase name="getActualTasksTest" classname="pl.infoshareacademy.reportService.UpdateRESTTimerThreadTest" time="0.027">
    <error message="RESTEASY003145: Unable to find a MessageBodyReader of content-type text/html;charset=UTF-8 and type class [Lpl.infoshareacademy.reportService.ModelsStore.RecipientModel;" type="javax.ws.rs.ProcessingException">javax.ws.rs.ProcessingException: RESTEASY003145: Unable to find a MessageBodyReader of content-type text/html;charset=UTF-8 and type class [Lpl.infoshareacademy.reportService.ModelsStore.RecipientModel;
	at org.jboss.resteasy.core.interception.jaxrs.ClientReaderInterceptorContext.throwReaderNotFound(ClientReaderInterceptorContext.java:42)
	at org.jboss.resteasy.core.interception.jaxrs.AbstractReaderInterceptorContext.getReader(AbstractReaderInterceptorContext.java:80)
	at org.jboss.resteasy.core.interception.jaxrs.AbstractReaderInterceptorContext.proceed(AbstractReaderInterceptorContext.java:53)
	at org.jboss.resteasy.client.jaxrs.internal.ClientResponse.readFrom(ClientResponse.java:248)
	at org.jboss.resteasy.client.jaxrs.internal.ClientResponse.readEntity(ClientResponse.java:178)
	at org.jboss.resteasy.specimpl.BuiltResponse.readEntity(BuiltResponse.java:218)
	at pl.infoshareacademy.reportService.UpdateRESTTimerThread.getActualTasks(UpdateRESTTimerThread.java:44)
	at pl.infoshareacademy.reportService.UpdateRESTTimerThreadTest.getActualTasksTest(UpdateRESTTimerThreadTest.java:74)
</error>
    <system-out><![CDATA[15:30:11.780 [main] DEBUG org.jboss.resteasy.resteasy_jaxrs.i18n - Provider : org.jboss.resteasy.plugins.providers.DocumentProvider,  Method : DocumentProvider
15:30:11.781 [main] DEBUG org.jboss.resteasy.resteasy_jaxrs.i18n - RESTEASY002330: Unable to retrieve config: expandEntityReferences defaults to false
15:30:11.782 [main] DEBUG org.jboss.resteasy.resteasy_jaxrs.i18n - RESTEASY002335: Unable to retrieve config: enableSecureProcessingFeature defaults to true
15:30:11.782 [main] DEBUG org.jboss.resteasy.resteasy_jaxrs.i18n - RESTEASY002325: Unable to retrieve config: disableDTDs defaults to true
15:30:11.782 [main] DEBUG org.jboss.resteasy.resteasy_jaxrs.i18n - Provider : org.jboss.resteasy.plugins.providers.DocumentProvider,  Method : DocumentProvider
15:30:11.784 [main] DEBUG org.jboss.resteasy.resteasy_jaxrs.i18n - RESTEASY002330: Unable to retrieve config: expandEntityReferences defaults to false
15:30:11.784 [main] DEBUG org.jboss.resteasy.resteasy_jaxrs.i18n - RESTEASY002335: Unable to retrieve config: enableSecureProcessingFeature defaults to true
15:30:11.784 [main] DEBUG org.jboss.resteasy.resteasy_jaxrs.i18n - RESTEASY002325: Unable to retrieve config: disableDTDs defaults to true
15:30:11.797 [main] DEBUG org.jboss.resteasy.resteasy_jaxrs.i18n - Interceptor Context: org.jboss.resteasy.core.interception.jaxrs.ClientReaderInterceptorContext,  Method : proceed
]]></system-out>
  </testcase>
  <testcase name="addTaskToReportModuleTest" classname="pl.infoshareacademy.reportService.UpdateRESTTimerThreadTest" time="0.163"/>
  <testcase name="getLastUpdateDatasTest" classname="pl.infoshareacademy.reportService.UpdateRESTTimerThreadTest" time="0.021"/>
</testsuite>